
  You can now view your Streamlit app in your browser.

  URL: http://localhost:8501

start_keep_alive
[select many records success]
[(1, 'xxgg121', 'sess_2etIiK5PrKhhulBVQhLBkTbQt23', '__client=eyJhbGciOiJSUzI1NiIsInR5cCI6IkpXVCJ9.eyJpZCI6ImNsaWVudF8yZXRJZ3dVd1M5YnIwVmY4Y1d3d2doV01UYTYiLCJyb3RhdGluZ190b2tlbiI6ImN2OGVrbTZob3c3eDAxOXYzZXY2aHRod20xcXhrY2NxZXJsdnN5MzgifQ.h-1c9an1yTbBQip8Sw2t4zGCbgSfhXMLUBGKWy0aJndK1dNlCRuTJx5t9Xhfd2QZf_7DT4B6abQJYxWaZ22HDAj67jOO0QzfWUG_07IQ9XTbsUHZxKEVG3fPmKxAAaGPyjYlL4sl0JgPqaaINNsNZIfSfzcPCYN55O8VNv2lpZ0ol4uqAcWbvVwwCsc783J5BdJKx-KF9Brs0PdvHJwnkf4fA-zLJYPTYklpXOcwuNbKDo3tZWObyCoLNL2ybosH-gn13H6wtLUSd7n8lag--qyr7Tdbls1rowmtndv0qCElQM88XynixM-b1YIoGGlNXJOI1HHBd3t7S2qQvnjk4w; __client_uat=1712717573; _cfuvid=MWgg5FPP1apICRlUd2LWYysjv_J8YHaVohr8U70yztA-1712756452452-0.0.1.1-604800000; __cf_bm=vOlYwGxTnKTLVdcw8ccOdEi9U3zE.z7ihdCO6DFsigc-1712765821-1.0.1.1-HDxgkvb844pTP6NntIeLV9Tgwl1aCiCzzt8qCry3kzkcIAQ.AnoBw9GwDWl5meKHVvgG.i4jh3E0antnrgMv4A')]


2024-04-13 16:27:04 ***update_token identity -> xxgg121 session -> sess_2etIiK5PrKhhulBVQhLBkTbQt23 status_code -> 200 ***

***generate identity -> xxgg121 session -> sess_2etIiK5PrKhhulBVQhLBkTbQt23 token -> eyJhbGciOiJSUzI1NiIsImNhdCI6ImNsX0I3ZDRQRDExMUFBQSIsImtpZCI6Imluc18yT1o2eU1EZzhscWRKRWloMXJvemY4T3ptZG4iLCJ0eXAiOiJKV1QifQ.eyJhdWQiOiJzdW5vLWFwaSIsImF6cCI6Imh0dHBzOi8vc3Vuby5jb20iLCJleHAiOjE3MTI5OTY5NTgsImh0dHBzOi8vc3Vuby5haS9jbGFpbXMvY2xlcmtfaWQiOiJ1c2VyXzJlTUxobmluYXNDRndBZHFqdjFIYkFqRU5ZWSIsImh0dHBzOi8vc3Vuby5haS9jbGFpbXMvZW1haWwiOiIyNTY1OTU2NzA3QHFxLmNvbSIsImlhdCI6MTcxMjk5Njg5OCwiaXNzIjoiaHR0cHM6Ly9jbGVyay5zdW5vLmNvbSIsImp0aSI6ImY4MzIxNWViZjcwNzc3Y2E2YjlmIiwibmJmIjoxNzEyOTk2ODg4LCJzaWQiOiJzZXNzXzJldElpSzVQcktoaHVsQlZRaExCa1RiUXQyMyIsInN1YiI6InVzZXJfMmVNTGhuaW5hc0NGd0FkcWp2MUhiQWpFTllZIn0.JHWnqgh6_cOKPylw3B6C4zHohWJw1JCJDYl3zhFBHG_McPknUr8pVBNAe3Nh8j951_RzvWjaPkoTauX0c9OLAnFvA89p1RnSoZCmGx8jB_lgAXVFeuHTS9y8lYA9AeGlpOIu6TWd2JmcxzOtwFP7sSjG6dWSH0UvL6SPynk52cKcTr8tSTA4h6zRsy3BT2rX8H90jgYFRAyCBuoadwMEA8fIeFSOtWK-gfXMJUD1naZWDGdW7JFcJyPWUkEWo4Ay_scc17WjLbYW2mrOkhbziuzWoHYuvD0JD5K7W4am_Sv7Kgm5toghzVIvAbKN1Mza71xxjGaqRWmG2tIStKPBgw ***

2024-04-13 16:27:55 ***update_token identity -> xxgg121 session -> sess_2etIiK5PrKhhulBVQhLBkTbQt23 status_code -> 200 ***

2024-04-13 16:28:46 ***update_token identity -> xxgg121 session -> sess_2etIiK5PrKhhulBVQhLBkTbQt23 status_code -> 200 ***

2024-04-13 16:29:38 ***update_token identity -> xxgg121 session -> sess_2etIiK5PrKhhulBVQhLBkTbQt23 status_code -> 200 ***

2024-04-13 16:30:29 ***update_token identity -> xxgg121 session -> sess_2etIiK5PrKhhulBVQhLBkTbQt23 status_code -> 200 ***

2024-04-13 16:31:20 ***update_token identity -> xxgg121 session -> sess_2etIiK5PrKhhulBVQhLBkTbQt23 status_code -> 200 ***

2024-04-13 16:32:11 ***update_token identity -> xxgg121 session -> sess_2etIiK5PrKhhulBVQhLBkTbQt23 status_code -> 200 ***

2024-04-13 16:33:02 ***update_token identity -> xxgg121 session -> sess_2etIiK5PrKhhulBVQhLBkTbQt23 status_code -> 200 ***

2024-04-13 16:33:53 ***update_token identity -> xxgg121 session -> sess_2etIiK5PrKhhulBVQhLBkTbQt23 status_code -> 200 ***

2024-04-13 16:34:44 ***update_token identity -> xxgg121 session -> sess_2etIiK5PrKhhulBVQhLBkTbQt23 status_code -> 200 ***

2024-04-13 16:35:35 ***update_token identity -> xxgg121 session -> sess_2etIiK5PrKhhulBVQhLBkTbQt23 status_code -> 200 ***

2024-04-13 16:36:27 ***update_token identity -> xxgg121 session -> sess_2etIiK5PrKhhulBVQhLBkTbQt23 status_code -> 200 ***

2024-04-13 16:37:18 ***update_token identity -> xxgg121 session -> sess_2etIiK5PrKhhulBVQhLBkTbQt23 status_code -> 200 ***

2024-04-13 16:38:09 ***update_token identity -> xxgg121 session -> sess_2etIiK5PrKhhulBVQhLBkTbQt23 status_code -> 200 ***

2024-04-13 16:39:00 ***update_token identity -> xxgg121 session -> sess_2etIiK5PrKhhulBVQhLBkTbQt23 status_code -> 200 ***

2024-04-13 16:39:51 ***update_token identity -> xxgg121 session -> sess_2etIiK5PrKhhulBVQhLBkTbQt23 status_code -> 200 ***

2024-04-13 16:40:43 ***update_token identity -> xxgg121 session -> sess_2etIiK5PrKhhulBVQhLBkTbQt23 status_code -> 200 ***

2024-04-13 16:41:35 ***update_token identity -> xxgg121 session -> sess_2etIiK5PrKhhulBVQhLBkTbQt23 status_code -> 200 ***

2024-04-13 16:42:26 ***update_token identity -> xxgg121 session -> sess_2etIiK5PrKhhulBVQhLBkTbQt23 status_code -> 200 ***

2024-04-13 16:43:17 ***update_token identity -> xxgg121 session -> sess_2etIiK5PrKhhulBVQhLBkTbQt23 status_code -> 200 ***

2024-04-13 16:44:08 ***update_token identity -> xxgg121 session -> sess_2etIiK5PrKhhulBVQhLBkTbQt23 status_code -> 200 ***

2024-04-13 16:44:59 ***update_token identity -> xxgg121 session -> sess_2etIiK5PrKhhulBVQhLBkTbQt23 status_code -> 200 ***

2024-04-13 16:45:50 ***update_token identity -> xxgg121 session -> sess_2etIiK5PrKhhulBVQhLBkTbQt23 status_code -> 200 ***

2024-04-13 16:46:41 ***update_token identity -> xxgg121 session -> sess_2etIiK5PrKhhulBVQhLBkTbQt23 status_code -> 200 ***

2024-04-13 16:47:32 ***update_token identity -> xxgg121 session -> sess_2etIiK5PrKhhulBVQhLBkTbQt23 status_code -> 200 ***

2024-04-13 16:48:24 ***update_token identity -> xxgg121 session -> sess_2etIiK5PrKhhulBVQhLBkTbQt23 status_code -> 200 ***

2024-04-13 16:49:15 ***update_token identity -> xxgg121 session -> sess_2etIiK5PrKhhulBVQhLBkTbQt23 status_code -> 200 ***

2024-04-13 16:50:06 ***update_token identity -> xxgg121 session -> sess_2etIiK5PrKhhulBVQhLBkTbQt23 status_code -> 200 ***

2024-04-13 16:50:57 ***update_token identity -> xxgg121 session -> sess_2etIiK5PrKhhulBVQhLBkTbQt23 status_code -> 200 ***

2024-04-13 16:51:48 ***update_token identity -> xxgg121 session -> sess_2etIiK5PrKhhulBVQhLBkTbQt23 status_code -> 200 ***

2024-04-13 16:52:39 ***update_token identity -> xxgg121 session -> sess_2etIiK5PrKhhulBVQhLBkTbQt23 status_code -> 200 ***

2024-04-13 16:53:30 ***update_token identity -> xxgg121 session -> sess_2etIiK5PrKhhulBVQhLBkTbQt23 status_code -> 200 ***

2024-04-13 16:54:21 ***update_token identity -> xxgg121 session -> sess_2etIiK5PrKhhulBVQhLBkTbQt23 status_code -> 200 ***

2024-04-13 16:55:14 ***update_token identity -> xxgg121 session -> sess_2etIiK5PrKhhulBVQhLBkTbQt23 status_code -> 200 ***

***generate identity -> xxgg121 session -> sess_2etIiK5PrKhhulBVQhLBkTbQt23 token -> eyJhbGciOiJSUzI1NiIsImNhdCI6ImNsX0I3ZDRQRDExMUFBQSIsImtpZCI6Imluc18yT1o2eU1EZzhscWRKRWloMXJvemY4T3ptZG4iLCJ0eXAiOiJKV1QifQ.eyJhdWQiOiJzdW5vLWFwaSIsImF6cCI6Imh0dHBzOi8vc3Vuby5jb20iLCJleHAiOjE3MTI5OTg2NDcsImh0dHBzOi8vc3Vuby5haS9jbGFpbXMvY2xlcmtfaWQiOiJ1c2VyXzJlTUxobmluYXNDRndBZHFqdjFIYkFqRU5ZWSIsImh0dHBzOi8vc3Vuby5haS9jbGFpbXMvZW1haWwiOiIyNTY1OTU2NzA3QHFxLmNvbSIsImlhdCI6MTcxMjk5ODU4NywiaXNzIjoiaHR0cHM6Ly9jbGVyay5zdW5vLmNvbSIsImp0aSI6ImViOWMxYWM2MGUyOWExZmYyNDRmIiwibmJmIjoxNzEyOTk4NTc3LCJzaWQiOiJzZXNzXzJldElpSzVQcktoaHVsQlZRaExCa1RiUXQyMyIsInN1YiI6InVzZXJfMmVNTGhuaW5hc0NGd0FkcWp2MUhiQWpFTllZIn0.s2YN-38rEKKQZ8sr0BeoEHSYF2ODavoiBshwA-lZQRQtc_yP1PkXi-n2U5vA9h2ICVRxlAo0FySchsj6TnGemp1uKPqOfeRfo_nULO34Neemlz6DL4Wp_oqg7fDCn0zoxmitvXgo5qTAuZqHZquNJZgaxCfjp5fS2v2keDc3Hcl9Fs7QhRfFl41T91MzDxi5PHmELDq0LC7notD9kOIZPCnBRwbzx6Rj9_EwmnugnhRKqV4ANSO4hPMdvCCgEqeqGjKU3sTliDKjTLOYNalvKIQZqcllbWQeidsNEQs11jMX8oCizIOtTYqvbwltiEtFTMRvWUHzIISsBTxvz7IYLA ***

2024-04-13 16:56:05 ***update_token identity -> xxgg121 session -> sess_2etIiK5PrKhhulBVQhLBkTbQt23 status_code -> 200 ***

2024-04-13 16:56:56 ***update_token identity -> xxgg121 session -> sess_2etIiK5PrKhhulBVQhLBkTbQt23 status_code -> 200 ***

2024-04-13 16:57:47 ***update_token identity -> xxgg121 session -> sess_2etIiK5PrKhhulBVQhLBkTbQt23 status_code -> 200 ***

2024-04-13 16:58:38 ***update_token identity -> xxgg121 session -> sess_2etIiK5PrKhhulBVQhLBkTbQt23 status_code -> 200 ***

2024-04-13 16:59:29 ***update_token identity -> xxgg121 session -> sess_2etIiK5PrKhhulBVQhLBkTbQt23 status_code -> 200 ***

2024-04-13 17:00:20 ***update_token identity -> xxgg121 session -> sess_2etIiK5PrKhhulBVQhLBkTbQt23 status_code -> 200 ***

2024-04-13 17:01:11 ***update_token identity -> xxgg121 session -> sess_2etIiK5PrKhhulBVQhLBkTbQt23 status_code -> 200 ***

2024-04-13 17:02:02 ***update_token identity -> xxgg121 session -> sess_2etIiK5PrKhhulBVQhLBkTbQt23 status_code -> 200 ***

2024-04-13 17:02:53 ***update_token identity -> xxgg121 session -> sess_2etIiK5PrKhhulBVQhLBkTbQt23 status_code -> 200 ***

2024-04-13 17:03:45 ***update_token identity -> xxgg121 session -> sess_2etIiK5PrKhhulBVQhLBkTbQt23 status_code -> 200 ***

2024-04-13 17:04:36 ***update_token identity -> xxgg121 session -> sess_2etIiK5PrKhhulBVQhLBkTbQt23 status_code -> 200 ***

2024-04-13 17:05:27 ***update_token identity -> xxgg121 session -> sess_2etIiK5PrKhhulBVQhLBkTbQt23 status_code -> 200 ***

2024-04-13 17:06:18 ***update_token identity -> xxgg121 session -> sess_2etIiK5PrKhhulBVQhLBkTbQt23 status_code -> 200 ***

2024-04-13 17:07:09 ***update_token identity -> xxgg121 session -> sess_2etIiK5PrKhhulBVQhLBkTbQt23 status_code -> 200 ***

2024-04-13 17:08:00 ***update_token identity -> xxgg121 session -> sess_2etIiK5PrKhhulBVQhLBkTbQt23 status_code -> 200 ***

2024-04-13 17:08:51 ***update_token identity -> xxgg121 session -> sess_2etIiK5PrKhhulBVQhLBkTbQt23 status_code -> 200 ***

2024-04-13 17:09:42 ***update_token identity -> xxgg121 session -> sess_2etIiK5PrKhhulBVQhLBkTbQt23 status_code -> 200 ***

2024-04-13 17:10:33 ***update_token identity -> xxgg121 session -> sess_2etIiK5PrKhhulBVQhLBkTbQt23 status_code -> 200 ***

2024-04-13 17:11:26 ***update_token identity -> xxgg121 session -> sess_2etIiK5PrKhhulBVQhLBkTbQt23 status_code -> 200 ***

2024-04-13 17:12:17 ***update_token identity -> xxgg121 session -> sess_2etIiK5PrKhhulBVQhLBkTbQt23 status_code -> 200 ***

2024-04-13 17:13:08 ***update_token identity -> xxgg121 session -> sess_2etIiK5PrKhhulBVQhLBkTbQt23 status_code -> 200 ***

2024-04-13 17:13:59 ***update_token identity -> xxgg121 session -> sess_2etIiK5PrKhhulBVQhLBkTbQt23 status_code -> 200 ***

2024-04-13 17:14:50 ***update_token identity -> xxgg121 session -> sess_2etIiK5PrKhhulBVQhLBkTbQt23 status_code -> 200 ***

2024-04-13 17:15:41 ***update_token identity -> xxgg121 session -> sess_2etIiK5PrKhhulBVQhLBkTbQt23 status_code -> 200 ***

2024-04-13 17:16:32 ***update_token identity -> xxgg121 session -> sess_2etIiK5PrKhhulBVQhLBkTbQt23 status_code -> 200 ***

2024-04-13 17:17:25 ***update_token identity -> xxgg121 session -> sess_2etIiK5PrKhhulBVQhLBkTbQt23 status_code -> 200 ***

2024-04-13 17:18:16 ***update_token identity -> xxgg121 session -> sess_2etIiK5PrKhhulBVQhLBkTbQt23 status_code -> 200 ***

2024-04-13 17:19:07 ***update_token identity -> xxgg121 session -> sess_2etIiK5PrKhhulBVQhLBkTbQt23 status_code -> 200 ***

2024-04-13 17:19:58 ***update_token identity -> xxgg121 session -> sess_2etIiK5PrKhhulBVQhLBkTbQt23 status_code -> 200 ***

2024-04-13 17:20:49 ***update_token identity -> xxgg121 session -> sess_2etIiK5PrKhhulBVQhLBkTbQt23 status_code -> 200 ***

2024-04-13 17:21:40 ***update_token identity -> xxgg121 session -> sess_2etIiK5PrKhhulBVQhLBkTbQt23 status_code -> 200 ***

2024-04-13 17:22:31 ***update_token identity -> xxgg121 session -> sess_2etIiK5PrKhhulBVQhLBkTbQt23 status_code -> 200 ***

2024-04-13 17:23:22 ***update_token identity -> xxgg121 session -> sess_2etIiK5PrKhhulBVQhLBkTbQt23 status_code -> 200 ***

2024-04-13 17:24:14 ***update_token identity -> xxgg121 session -> sess_2etIiK5PrKhhulBVQhLBkTbQt23 status_code -> 200 ***

2024-04-13 17:25:05 ***update_token identity -> xxgg121 session -> sess_2etIiK5PrKhhulBVQhLBkTbQt23 status_code -> 200 ***

2024-04-13 17:25:57 ***update_token identity -> xxgg121 session -> sess_2etIiK5PrKhhulBVQhLBkTbQt23 status_code -> 200 ***

2024-04-13 17:26:48 ***update_token identity -> xxgg121 session -> sess_2etIiK5PrKhhulBVQhLBkTbQt23 status_code -> 200 ***

2024-04-13 17:27:39 ***update_token identity -> xxgg121 session -> sess_2etIiK5PrKhhulBVQhLBkTbQt23 status_code -> 200 ***

2024-04-13 17:28:30 ***update_token identity -> xxgg121 session -> sess_2etIiK5PrKhhulBVQhLBkTbQt23 status_code -> 200 ***

2024-04-13 17:29:21 ***update_token identity -> xxgg121 session -> sess_2etIiK5PrKhhulBVQhLBkTbQt23 status_code -> 200 ***

2024-04-13 17:30:12 ***update_token identity -> xxgg121 session -> sess_2etIiK5PrKhhulBVQhLBkTbQt23 status_code -> 200 ***

2024-04-13 17:31:04 ***update_token identity -> xxgg121 session -> sess_2etIiK5PrKhhulBVQhLBkTbQt23 status_code -> 200 ***

2024-04-13 17:31:55 ***update_token identity -> xxgg121 session -> sess_2etIiK5PrKhhulBVQhLBkTbQt23 status_code -> 200 ***

2024-04-13 17:32:46 ***update_token identity -> xxgg121 session -> sess_2etIiK5PrKhhulBVQhLBkTbQt23 status_code -> 200 ***

2024-04-13 17:33:37 ***update_token identity -> xxgg121 session -> sess_2etIiK5PrKhhulBVQhLBkTbQt23 status_code -> 200 ***

2024-04-13 17:34:28 ***update_token identity -> xxgg121 session -> sess_2etIiK5PrKhhulBVQhLBkTbQt23 status_code -> 200 ***

2024-04-13 17:35:19 ***update_token identity -> xxgg121 session -> sess_2etIiK5PrKhhulBVQhLBkTbQt23 status_code -> 200 ***

2024-04-13 17:36:10 ***update_token identity -> xxgg121 session -> sess_2etIiK5PrKhhulBVQhLBkTbQt23 status_code -> 200 ***

2024-04-13 17:37:01 ***update_token identity -> xxgg121 session -> sess_2etIiK5PrKhhulBVQhLBkTbQt23 status_code -> 200 ***

2024-04-13 17:37:53 ***update_token identity -> xxgg121 session -> sess_2etIiK5PrKhhulBVQhLBkTbQt23 status_code -> 200 ***

2024-04-13 17:38:44 ***update_token identity -> xxgg121 session -> sess_2etIiK5PrKhhulBVQhLBkTbQt23 status_code -> 200 ***

2024-04-13 17:39:35 ***update_token identity -> xxgg121 session -> sess_2etIiK5PrKhhulBVQhLBkTbQt23 status_code -> 200 ***

2024-04-13 17:40:26 ***update_token identity -> xxgg121 session -> sess_2etIiK5PrKhhulBVQhLBkTbQt23 status_code -> 200 ***

2024-04-13 17:41:17 ***update_token identity -> xxgg121 session -> sess_2etIiK5PrKhhulBVQhLBkTbQt23 status_code -> 200 ***

2024-04-13 17:42:08 ***update_token identity -> xxgg121 session -> sess_2etIiK5PrKhhulBVQhLBkTbQt23 status_code -> 200 ***

2024-04-13 17:43:00 ***update_token identity -> xxgg121 session -> sess_2etIiK5PrKhhulBVQhLBkTbQt23 status_code -> 200 ***

2024-04-13 17:43:51 ***update_token identity -> xxgg121 session -> sess_2etIiK5PrKhhulBVQhLBkTbQt23 status_code -> 200 ***

2024-04-13 17:44:42 ***update_token identity -> xxgg121 session -> sess_2etIiK5PrKhhulBVQhLBkTbQt23 status_code -> 200 ***

2024-04-13 17:45:36 ***update_token identity -> xxgg121 session -> sess_2etIiK5PrKhhulBVQhLBkTbQt23 status_code -> 200 ***

2024-04-13 17:46:27 ***update_token identity -> xxgg121 session -> sess_2etIiK5PrKhhulBVQhLBkTbQt23 status_code -> 200 ***

2024-04-13 17:47:18 ***update_token identity -> xxgg121 session -> sess_2etIiK5PrKhhulBVQhLBkTbQt23 status_code -> 200 ***

2024-04-13 17:48:09 ***update_token identity -> xxgg121 session -> sess_2etIiK5PrKhhulBVQhLBkTbQt23 status_code -> 200 ***

2024-04-13 17:49:00 ***update_token identity -> xxgg121 session -> sess_2etIiK5PrKhhulBVQhLBkTbQt23 status_code -> 200 ***

2024-04-13 17:49:51 ***update_token identity -> xxgg121 session -> sess_2etIiK5PrKhhulBVQhLBkTbQt23 status_code -> 200 ***

2024-04-13 17:50:42 ***update_token identity -> xxgg121 session -> sess_2etIiK5PrKhhulBVQhLBkTbQt23 status_code -> 200 ***

2024-04-13 17:51:34 ***update_token identity -> xxgg121 session -> sess_2etIiK5PrKhhulBVQhLBkTbQt23 status_code -> 200 ***

2024-04-13 17:52:25 ***update_token identity -> xxgg121 session -> sess_2etIiK5PrKhhulBVQhLBkTbQt23 status_code -> 200 ***

2024-04-13 17:53:16 ***update_token identity -> xxgg121 session -> sess_2etIiK5PrKhhulBVQhLBkTbQt23 status_code -> 200 ***

2024-04-13 17:54:07 ***update_token identity -> xxgg121 session -> sess_2etIiK5PrKhhulBVQhLBkTbQt23 status_code -> 200 ***

2024-04-13 17:54:58 ***update_token identity -> xxgg121 session -> sess_2etIiK5PrKhhulBVQhLBkTbQt23 status_code -> 200 ***

2024-04-13 17:55:49 ***update_token identity -> xxgg121 session -> sess_2etIiK5PrKhhulBVQhLBkTbQt23 status_code -> 200 ***

2024-04-13 17:56:40 ***update_token identity -> xxgg121 session -> sess_2etIiK5PrKhhulBVQhLBkTbQt23 status_code -> 200 ***

2024-04-13 17:57:31 ***update_token identity -> xxgg121 session -> sess_2etIiK5PrKhhulBVQhLBkTbQt23 status_code -> 200 ***

2024-04-13 17:58:22 ***update_token identity -> xxgg121 session -> sess_2etIiK5PrKhhulBVQhLBkTbQt23 status_code -> 200 ***

2024-04-13 17:59:13 ***update_token identity -> xxgg121 session -> sess_2etIiK5PrKhhulBVQhLBkTbQt23 status_code -> 200 ***

2024-04-13 18:00:05 ***update_token identity -> xxgg121 session -> sess_2etIiK5PrKhhulBVQhLBkTbQt23 status_code -> 200 ***

2024-04-13 18:00:56 ***update_token identity -> xxgg121 session -> sess_2etIiK5PrKhhulBVQhLBkTbQt23 status_code -> 200 ***

2024-04-13 18:01:47 ***update_token identity -> xxgg121 session -> sess_2etIiK5PrKhhulBVQhLBkTbQt23 status_code -> 200 ***

2024-04-13 18:02:38 ***update_token identity -> xxgg121 session -> sess_2etIiK5PrKhhulBVQhLBkTbQt23 status_code -> 200 ***

2024-04-13 18:03:29 ***update_token identity -> xxgg121 session -> sess_2etIiK5PrKhhulBVQhLBkTbQt23 status_code -> 200 ***

2024-04-13 18:04:20 ***update_token identity -> xxgg121 session -> sess_2etIiK5PrKhhulBVQhLBkTbQt23 status_code -> 200 ***

2024-04-13 18:05:11 ***update_token identity -> xxgg121 session -> sess_2etIiK5PrKhhulBVQhLBkTbQt23 status_code -> 200 ***

2024-04-13 18:06:02 ***update_token identity -> xxgg121 session -> sess_2etIiK5PrKhhulBVQhLBkTbQt23 status_code -> 200 ***

2024-04-13 18:06:53 ***update_token identity -> xxgg121 session -> sess_2etIiK5PrKhhulBVQhLBkTbQt23 status_code -> 200 ***

2024-04-13 18:07:44 ***update_token identity -> xxgg121 session -> sess_2etIiK5PrKhhulBVQhLBkTbQt23 status_code -> 200 ***

2024-04-13 18:08:36 ***update_token identity -> xxgg121 session -> sess_2etIiK5PrKhhulBVQhLBkTbQt23 status_code -> 200 ***

2024-04-13 18:09:27 ***update_token identity -> xxgg121 session -> sess_2etIiK5PrKhhulBVQhLBkTbQt23 status_code -> 200 ***

2024-04-13 18:10:18 ***update_token identity -> xxgg121 session -> sess_2etIiK5PrKhhulBVQhLBkTbQt23 status_code -> 200 ***

2024-04-13 18:11:09 ***update_token identity -> xxgg121 session -> sess_2etIiK5PrKhhulBVQhLBkTbQt23 status_code -> 200 ***

2024-04-13 18:12:00 ***update_token identity -> xxgg121 session -> sess_2etIiK5PrKhhulBVQhLBkTbQt23 status_code -> 200 ***

2024-04-13 18:12:51 ***update_token identity -> xxgg121 session -> sess_2etIiK5PrKhhulBVQhLBkTbQt23 status_code -> 200 ***

2024-04-13 18:13:42 ***update_token identity -> xxgg121 session -> sess_2etIiK5PrKhhulBVQhLBkTbQt23 status_code -> 200 ***

2024-04-13 18:14:33 ***update_token identity -> xxgg121 session -> sess_2etIiK5PrKhhulBVQhLBkTbQt23 status_code -> 200 ***

2024-04-13 18:15:24 ***update_token identity -> xxgg121 session -> sess_2etIiK5PrKhhulBVQhLBkTbQt23 status_code -> 200 ***

2024-04-13 18:16:16 ***update_token identity -> xxgg121 session -> sess_2etIiK5PrKhhulBVQhLBkTbQt23 status_code -> 200 ***

2024-04-13 18:17:07 ***update_token identity -> xxgg121 session -> sess_2etIiK5PrKhhulBVQhLBkTbQt23 status_code -> 200 ***

2024-04-13 18:17:58 ***update_token identity -> xxgg121 session -> sess_2etIiK5PrKhhulBVQhLBkTbQt23 status_code -> 200 ***

2024-04-13 18:18:49 ***update_token identity -> xxgg121 session -> sess_2etIiK5PrKhhulBVQhLBkTbQt23 status_code -> 200 ***

2024-04-13 18:19:41 ***update_token identity -> xxgg121 session -> sess_2etIiK5PrKhhulBVQhLBkTbQt23 status_code -> 200 ***

2024-04-13 18:20:32 ***update_token identity -> xxgg121 session -> sess_2etIiK5PrKhhulBVQhLBkTbQt23 status_code -> 200 ***

2024-04-13 18:21:23 ***update_token identity -> xxgg121 session -> sess_2etIiK5PrKhhulBVQhLBkTbQt23 status_code -> 200 ***

2024-04-13 18:22:14 ***update_token identity -> xxgg121 session -> sess_2etIiK5PrKhhulBVQhLBkTbQt23 status_code -> 200 ***

2024-04-13 18:23:05 ***update_token identity -> xxgg121 session -> sess_2etIiK5PrKhhulBVQhLBkTbQt23 status_code -> 200 ***

2024-04-13 18:23:57 ***update_token identity -> xxgg121 session -> sess_2etIiK5PrKhhulBVQhLBkTbQt23 status_code -> 200 ***

2024-04-13 18:24:48 ***update_token identity -> xxgg121 session -> sess_2etIiK5PrKhhulBVQhLBkTbQt23 status_code -> 200 ***

2024-04-13 18:25:41 ***update_token identity -> xxgg121 session -> sess_2etIiK5PrKhhulBVQhLBkTbQt23 status_code -> 200 ***

2024-04-13 18:26:32 ***update_token identity -> xxgg121 session -> sess_2etIiK5PrKhhulBVQhLBkTbQt23 status_code -> 200 ***

2024-04-13 18:27:23 ***update_token identity -> xxgg121 session -> sess_2etIiK5PrKhhulBVQhLBkTbQt23 status_code -> 200 ***

2024-04-13 18:28:14 ***update_token identity -> xxgg121 session -> sess_2etIiK5PrKhhulBVQhLBkTbQt23 status_code -> 200 ***

2024-04-13 18:29:05 ***update_token identity -> xxgg121 session -> sess_2etIiK5PrKhhulBVQhLBkTbQt23 status_code -> 200 ***

2024-04-13 18:29:57 ***update_token identity -> xxgg121 session -> sess_2etIiK5PrKhhulBVQhLBkTbQt23 status_code -> 200 ***

2024-04-13 18:30:48 ***update_token identity -> xxgg121 session -> sess_2etIiK5PrKhhulBVQhLBkTbQt23 status_code -> 200 ***

2024-04-13 18:31:39 ***update_token identity -> xxgg121 session -> sess_2etIiK5PrKhhulBVQhLBkTbQt23 status_code -> 200 ***

2024-04-13 18:32:30 ***update_token identity -> xxgg121 session -> sess_2etIiK5PrKhhulBVQhLBkTbQt23 status_code -> 200 ***

2024-04-13 18:33:22 ***update_token identity -> xxgg121 session -> sess_2etIiK5PrKhhulBVQhLBkTbQt23 status_code -> 200 ***

2024-04-13 18:34:13 ***update_token identity -> xxgg121 session -> sess_2etIiK5PrKhhulBVQhLBkTbQt23 status_code -> 200 ***

2024-04-13 18:35:04 ***update_token identity -> xxgg121 session -> sess_2etIiK5PrKhhulBVQhLBkTbQt23 status_code -> 200 ***

2024-04-13 18:35:55 ***update_token identity -> xxgg121 session -> sess_2etIiK5PrKhhulBVQhLBkTbQt23 status_code -> 200 ***

2024-04-13 18:36:46 ***update_token identity -> xxgg121 session -> sess_2etIiK5PrKhhulBVQhLBkTbQt23 status_code -> 200 ***

2024-04-13 18:37:38 ***update_token identity -> xxgg121 session -> sess_2etIiK5PrKhhulBVQhLBkTbQt23 status_code -> 200 ***

2024-04-13 18:38:29 ***update_token identity -> xxgg121 session -> sess_2etIiK5PrKhhulBVQhLBkTbQt23 status_code -> 200 ***

2024-04-13 18:39:20 ***update_token identity -> xxgg121 session -> sess_2etIiK5PrKhhulBVQhLBkTbQt23 status_code -> 200 ***

2024-04-13 18:40:11 ***update_token identity -> xxgg121 session -> sess_2etIiK5PrKhhulBVQhLBkTbQt23 status_code -> 200 ***

2024-04-13 18:41:02 ***update_token identity -> xxgg121 session -> sess_2etIiK5PrKhhulBVQhLBkTbQt23 status_code -> 200 ***

2024-04-13 18:41:53 ***update_token identity -> xxgg121 session -> sess_2etIiK5PrKhhulBVQhLBkTbQt23 status_code -> 200 ***

2024-04-13 18:42:45 ***update_token identity -> xxgg121 session -> sess_2etIiK5PrKhhulBVQhLBkTbQt23 status_code -> 200 ***

2024-04-13 18:43:37 ***update_token identity -> xxgg121 session -> sess_2etIiK5PrKhhulBVQhLBkTbQt23 status_code -> 200 ***

2024-04-13 18:44:28 ***update_token identity -> xxgg121 session -> sess_2etIiK5PrKhhulBVQhLBkTbQt23 status_code -> 200 ***

2024-04-13 18:45:19 ***update_token identity -> xxgg121 session -> sess_2etIiK5PrKhhulBVQhLBkTbQt23 status_code -> 200 ***

2024-04-13 18:46:10 ***update_token identity -> xxgg121 session -> sess_2etIiK5PrKhhulBVQhLBkTbQt23 status_code -> 200 ***

2024-04-13 18:47:02 ***update_token identity -> xxgg121 session -> sess_2etIiK5PrKhhulBVQhLBkTbQt23 status_code -> 200 ***

2024-04-13 18:47:54 ***update_token identity -> xxgg121 session -> sess_2etIiK5PrKhhulBVQhLBkTbQt23 status_code -> 200 ***

2024-04-13 18:48:45 ***update_token identity -> xxgg121 session -> sess_2etIiK5PrKhhulBVQhLBkTbQt23 status_code -> 200 ***

2024-04-13 18:49:37 ***update_token identity -> xxgg121 session -> sess_2etIiK5PrKhhulBVQhLBkTbQt23 status_code -> 200 ***

2024-04-13 18:50:28 ***update_token identity -> xxgg121 session -> sess_2etIiK5PrKhhulBVQhLBkTbQt23 status_code -> 200 ***

2024-04-13 18:51:20 ***update_token identity -> xxgg121 session -> sess_2etIiK5PrKhhulBVQhLBkTbQt23 status_code -> 200 ***

2024-04-13 18:52:11 ***update_token identity -> xxgg121 session -> sess_2etIiK5PrKhhulBVQhLBkTbQt23 status_code -> 200 ***

2024-04-13 18:53:03 ***update_token identity -> xxgg121 session -> sess_2etIiK5PrKhhulBVQhLBkTbQt23 status_code -> 200 ***

2024-04-13 18:53:54 ***update_token identity -> xxgg121 session -> sess_2etIiK5PrKhhulBVQhLBkTbQt23 status_code -> 200 ***

2024-04-13 18:54:45 ***update_token identity -> xxgg121 session -> sess_2etIiK5PrKhhulBVQhLBkTbQt23 status_code -> 200 ***

2024-04-13 18:55:37 ***update_token identity -> xxgg121 session -> sess_2etIiK5PrKhhulBVQhLBkTbQt23 status_code -> 200 ***

2024-04-13 18:56:28 ***update_token identity -> xxgg121 session -> sess_2etIiK5PrKhhulBVQhLBkTbQt23 status_code -> 200 ***

2024-04-13 18:57:19 ***update_token identity -> xxgg121 session -> sess_2etIiK5PrKhhulBVQhLBkTbQt23 status_code -> 200 ***

2024-04-13 18:58:11 ***update_token identity -> xxgg121 session -> sess_2etIiK5PrKhhulBVQhLBkTbQt23 status_code -> 200 ***

2024-04-13 18:59:02 ***update_token identity -> xxgg121 session -> sess_2etIiK5PrKhhulBVQhLBkTbQt23 status_code -> 200 ***

2024-04-13 18:59:53 ***update_token identity -> xxgg121 session -> sess_2etIiK5PrKhhulBVQhLBkTbQt23 status_code -> 200 ***

2024-04-13 19:00:44 ***update_token identity -> xxgg121 session -> sess_2etIiK5PrKhhulBVQhLBkTbQt23 status_code -> 200 ***

2024-04-13 19:01:36 ***update_token identity -> xxgg121 session -> sess_2etIiK5PrKhhulBVQhLBkTbQt23 status_code -> 200 ***

2024-04-13 19:02:28 ***update_token identity -> xxgg121 session -> sess_2etIiK5PrKhhulBVQhLBkTbQt23 status_code -> 200 ***

2024-04-13 19:03:20 ***update_token identity -> xxgg121 session -> sess_2etIiK5PrKhhulBVQhLBkTbQt23 status_code -> 200 ***

2024-04-13 19:04:11 ***update_token identity -> xxgg121 session -> sess_2etIiK5PrKhhulBVQhLBkTbQt23 status_code -> 200 ***

2024-04-13 19:05:02 ***update_token identity -> xxgg121 session -> sess_2etIiK5PrKhhulBVQhLBkTbQt23 status_code -> 200 ***

2024-04-13 19:05:53 ***update_token identity -> xxgg121 session -> sess_2etIiK5PrKhhulBVQhLBkTbQt23 status_code -> 200 ***

2024-04-13 19:06:44 ***update_token identity -> xxgg121 session -> sess_2etIiK5PrKhhulBVQhLBkTbQt23 status_code -> 200 ***

2024-04-13 19:07:36 ***update_token identity -> xxgg121 session -> sess_2etIiK5PrKhhulBVQhLBkTbQt23 status_code -> 200 ***

2024-04-13 19:08:27 ***update_token identity -> xxgg121 session -> sess_2etIiK5PrKhhulBVQhLBkTbQt23 status_code -> 200 ***

2024-04-13 19:09:18 ***update_token identity -> xxgg121 session -> sess_2etIiK5PrKhhulBVQhLBkTbQt23 status_code -> 200 ***

2024-04-13 19:10:10 ***update_token identity -> xxgg121 session -> sess_2etIiK5PrKhhulBVQhLBkTbQt23 status_code -> 200 ***

2024-04-13 19:11:01 ***update_token identity -> xxgg121 session -> sess_2etIiK5PrKhhulBVQhLBkTbQt23 status_code -> 200 ***

2024-04-13 19:11:52 ***update_token identity -> xxgg121 session -> sess_2etIiK5PrKhhulBVQhLBkTbQt23 status_code -> 200 ***

2024-04-13 19:12:43 ***update_token identity -> xxgg121 session -> sess_2etIiK5PrKhhulBVQhLBkTbQt23 status_code -> 200 ***

2024-04-13 19:13:34 ***update_token identity -> xxgg121 session -> sess_2etIiK5PrKhhulBVQhLBkTbQt23 status_code -> 200 ***

2024-04-13 19:14:26 ***update_token identity -> xxgg121 session -> sess_2etIiK5PrKhhulBVQhLBkTbQt23 status_code -> 200 ***

2024-04-13 19:15:17 ***update_token identity -> xxgg121 session -> sess_2etIiK5PrKhhulBVQhLBkTbQt23 status_code -> 200 ***

2024-04-13 19:16:08 ***update_token identity -> xxgg121 session -> sess_2etIiK5PrKhhulBVQhLBkTbQt23 status_code -> 200 ***

2024-04-13 19:16:59 ***update_token identity -> xxgg121 session -> sess_2etIiK5PrKhhulBVQhLBkTbQt23 status_code -> 200 ***

2024-04-13 19:17:50 ***update_token identity -> xxgg121 session -> sess_2etIiK5PrKhhulBVQhLBkTbQt23 status_code -> 200 ***

2024-04-13 19:18:41 ***update_token identity -> xxgg121 session -> sess_2etIiK5PrKhhulBVQhLBkTbQt23 status_code -> 200 ***

2024-04-13 19:19:32 ***update_token identity -> xxgg121 session -> sess_2etIiK5PrKhhulBVQhLBkTbQt23 status_code -> 200 ***

2024-04-13 19:20:24 ***update_token identity -> xxgg121 session -> sess_2etIiK5PrKhhulBVQhLBkTbQt23 status_code -> 200 ***

2024-04-13 19:21:15 ***update_token identity -> xxgg121 session -> sess_2etIiK5PrKhhulBVQhLBkTbQt23 status_code -> 200 ***

2024-04-13 19:22:06 ***update_token identity -> xxgg121 session -> sess_2etIiK5PrKhhulBVQhLBkTbQt23 status_code -> 200 ***

2024-04-13 19:22:57 ***update_token identity -> xxgg121 session -> sess_2etIiK5PrKhhulBVQhLBkTbQt23 status_code -> 200 ***

2024-04-13 19:23:49 ***update_token identity -> xxgg121 session -> sess_2etIiK5PrKhhulBVQhLBkTbQt23 status_code -> 200 ***

2024-04-13 19:24:40 ***update_token identity -> xxgg121 session -> sess_2etIiK5PrKhhulBVQhLBkTbQt23 status_code -> 200 ***

2024-04-13 19:25:31 ***update_token identity -> xxgg121 session -> sess_2etIiK5PrKhhulBVQhLBkTbQt23 status_code -> 200 ***

2024-04-13 19:26:22 ***update_token identity -> xxgg121 session -> sess_2etIiK5PrKhhulBVQhLBkTbQt23 status_code -> 200 ***

2024-04-13 19:27:13 ***update_token identity -> xxgg121 session -> sess_2etIiK5PrKhhulBVQhLBkTbQt23 status_code -> 200 ***

2024-04-13 19:28:04 ***update_token identity -> xxgg121 session -> sess_2etIiK5PrKhhulBVQhLBkTbQt23 status_code -> 200 ***

2024-04-13 19:28:56 ***update_token identity -> xxgg121 session -> sess_2etIiK5PrKhhulBVQhLBkTbQt23 status_code -> 200 ***

2024-04-13 19:29:47 ***update_token identity -> xxgg121 session -> sess_2etIiK5PrKhhulBVQhLBkTbQt23 status_code -> 200 ***

2024-04-13 19:30:38 ***update_token identity -> xxgg121 session -> sess_2etIiK5PrKhhulBVQhLBkTbQt23 status_code -> 200 ***

2024-04-13 19:31:29 ***update_token identity -> xxgg121 session -> sess_2etIiK5PrKhhulBVQhLBkTbQt23 status_code -> 200 ***

2024-04-13 19:32:21 ***update_token identity -> xxgg121 session -> sess_2etIiK5PrKhhulBVQhLBkTbQt23 status_code -> 200 ***

2024-04-13 19:33:12 ***update_token identity -> xxgg121 session -> sess_2etIiK5PrKhhulBVQhLBkTbQt23 status_code -> 200 ***

2024-04-13 19:34:03 ***update_token identity -> xxgg121 session -> sess_2etIiK5PrKhhulBVQhLBkTbQt23 status_code -> 200 ***

2024-04-13 19:34:54 ***update_token identity -> xxgg121 session -> sess_2etIiK5PrKhhulBVQhLBkTbQt23 status_code -> 200 ***

2024-04-13 19:35:45 ***update_token identity -> xxgg121 session -> sess_2etIiK5PrKhhulBVQhLBkTbQt23 status_code -> 200 ***

2024-04-13 19:36:36 ***update_token identity -> xxgg121 session -> sess_2etIiK5PrKhhulBVQhLBkTbQt23 status_code -> 200 ***

2024-04-13 19:37:28 ***update_token identity -> xxgg121 session -> sess_2etIiK5PrKhhulBVQhLBkTbQt23 status_code -> 200 ***

2024-04-13 19:38:19 ***update_token identity -> xxgg121 session -> sess_2etIiK5PrKhhulBVQhLBkTbQt23 status_code -> 200 ***

2024-04-13 19:39:10 ***update_token identity -> xxgg121 session -> sess_2etIiK5PrKhhulBVQhLBkTbQt23 status_code -> 200 ***

2024-04-13 19:40:01 ***update_token identity -> xxgg121 session -> sess_2etIiK5PrKhhulBVQhLBkTbQt23 status_code -> 200 ***

2024-04-13 19:40:53 ***update_token identity -> xxgg121 session -> sess_2etIiK5PrKhhulBVQhLBkTbQt23 status_code -> 200 ***

2024-04-13 19:41:44 ***update_token identity -> xxgg121 session -> sess_2etIiK5PrKhhulBVQhLBkTbQt23 status_code -> 200 ***

2024-04-13 19:42:35 ***update_token identity -> xxgg121 session -> sess_2etIiK5PrKhhulBVQhLBkTbQt23 status_code -> 200 ***

2024-04-13 19:43:27 ***update_token identity -> xxgg121 session -> sess_2etIiK5PrKhhulBVQhLBkTbQt23 status_code -> 200 ***

2024-04-13 19:44:18 ***update_token identity -> xxgg121 session -> sess_2etIiK5PrKhhulBVQhLBkTbQt23 status_code -> 200 ***

2024-04-13 19:45:09 ***update_token identity -> xxgg121 session -> sess_2etIiK5PrKhhulBVQhLBkTbQt23 status_code -> 200 ***

2024-04-13 19:46:00 ***update_token identity -> xxgg121 session -> sess_2etIiK5PrKhhulBVQhLBkTbQt23 status_code -> 200 ***

2024-04-13 19:46:52 ***update_token identity -> xxgg121 session -> sess_2etIiK5PrKhhulBVQhLBkTbQt23 status_code -> 200 ***

2024-04-13 19:47:48 ***update_token identity -> xxgg121 session -> sess_2etIiK5PrKhhulBVQhLBkTbQt23 status_code -> 200 ***

2024-04-13 19:48:41 ***update_token identity -> xxgg121 session -> sess_2etIiK5PrKhhulBVQhLBkTbQt23 status_code -> 200 ***

2024-04-13 19:49:32 ***update_token identity -> xxgg121 session -> sess_2etIiK5PrKhhulBVQhLBkTbQt23 status_code -> 200 ***

2024-04-13 19:50:25 ***update_token identity -> xxgg121 session -> sess_2etIiK5PrKhhulBVQhLBkTbQt23 status_code -> 200 ***

2024-04-13 19:51:16 ***update_token identity -> xxgg121 session -> sess_2etIiK5PrKhhulBVQhLBkTbQt23 status_code -> 200 ***

2024-04-13 19:52:08 ***update_token identity -> xxgg121 session -> sess_2etIiK5PrKhhulBVQhLBkTbQt23 status_code -> 200 ***

2024-04-13 19:52:59 ***update_token identity -> xxgg121 session -> sess_2etIiK5PrKhhulBVQhLBkTbQt23 status_code -> 200 ***

2024-04-13 19:53:50 ***update_token identity -> xxgg121 session -> sess_2etIiK5PrKhhulBVQhLBkTbQt23 status_code -> 200 ***

2024-04-13 19:54:41 ***update_token identity -> xxgg121 session -> sess_2etIiK5PrKhhulBVQhLBkTbQt23 status_code -> 200 ***

2024-04-13 19:55:33 ***update_token identity -> xxgg121 session -> sess_2etIiK5PrKhhulBVQhLBkTbQt23 status_code -> 200 ***

2024-04-13 19:56:24 ***update_token identity -> xxgg121 session -> sess_2etIiK5PrKhhulBVQhLBkTbQt23 status_code -> 200 ***

2024-04-13 19:57:16 ***update_token identity -> xxgg121 session -> sess_2etIiK5PrKhhulBVQhLBkTbQt23 status_code -> 200 ***

2024-04-13 19:58:07 ***update_token identity -> xxgg121 session -> sess_2etIiK5PrKhhulBVQhLBkTbQt23 status_code -> 200 ***

2024-04-13 19:58:59 ***update_token identity -> xxgg121 session -> sess_2etIiK5PrKhhulBVQhLBkTbQt23 status_code -> 200 ***

2024-04-13 19:59:50 ***update_token identity -> xxgg121 session -> sess_2etIiK5PrKhhulBVQhLBkTbQt23 status_code -> 200 ***

2024-04-13 20:00:41 ***update_token identity -> xxgg121 session -> sess_2etIiK5PrKhhulBVQhLBkTbQt23 status_code -> 200 ***

2024-04-13 20:01:32 ***update_token identity -> xxgg121 session -> sess_2etIiK5PrKhhulBVQhLBkTbQt23 status_code -> 200 ***

2024-04-13 20:02:24 ***update_token identity -> xxgg121 session -> sess_2etIiK5PrKhhulBVQhLBkTbQt23 status_code -> 200 ***

2024-04-13 20:03:15 ***update_token identity -> xxgg121 session -> sess_2etIiK5PrKhhulBVQhLBkTbQt23 status_code -> 200 ***

2024-04-13 20:04:06 ***update_token identity -> xxgg121 session -> sess_2etIiK5PrKhhulBVQhLBkTbQt23 status_code -> 200 ***

2024-04-13 20:04:57 ***update_token identity -> xxgg121 session -> sess_2etIiK5PrKhhulBVQhLBkTbQt23 status_code -> 200 ***

2024-04-13 20:05:49 ***update_token identity -> xxgg121 session -> sess_2etIiK5PrKhhulBVQhLBkTbQt23 status_code -> 200 ***

2024-04-13 20:06:41 ***update_token identity -> xxgg121 session -> sess_2etIiK5PrKhhulBVQhLBkTbQt23 status_code -> 200 ***

2024-04-13 20:07:32 ***update_token identity -> xxgg121 session -> sess_2etIiK5PrKhhulBVQhLBkTbQt23 status_code -> 200 ***

2024-04-13 20:08:23 ***update_token identity -> xxgg121 session -> sess_2etIiK5PrKhhulBVQhLBkTbQt23 status_code -> 200 ***

2024-04-13 20:09:14 ***update_token identity -> xxgg121 session -> sess_2etIiK5PrKhhulBVQhLBkTbQt23 status_code -> 200 ***

2024-04-13 20:10:05 ***update_token identity -> xxgg121 session -> sess_2etIiK5PrKhhulBVQhLBkTbQt23 status_code -> 200 ***

2024-04-13 20:10:56 ***update_token identity -> xxgg121 session -> sess_2etIiK5PrKhhulBVQhLBkTbQt23 status_code -> 200 ***

2024-04-13 20:11:50 ***update_token identity -> xxgg121 session -> sess_2etIiK5PrKhhulBVQhLBkTbQt23 status_code -> 200 ***

2024-04-13 20:12:41 ***update_token identity -> xxgg121 session -> sess_2etIiK5PrKhhulBVQhLBkTbQt23 status_code -> 200 ***

2024-04-13 20:13:32 ***update_token identity -> xxgg121 session -> sess_2etIiK5PrKhhulBVQhLBkTbQt23 status_code -> 200 ***

2024-04-13 20:14:24 ***update_token identity -> xxgg121 session -> sess_2etIiK5PrKhhulBVQhLBkTbQt23 status_code -> 200 ***

2024-04-13 20:15:15 ***update_token identity -> xxgg121 session -> sess_2etIiK5PrKhhulBVQhLBkTbQt23 status_code -> 200 ***

2024-04-13 20:16:06 ***update_token identity -> xxgg121 session -> sess_2etIiK5PrKhhulBVQhLBkTbQt23 status_code -> 200 ***

2024-04-13 20:16:57 ***update_token identity -> xxgg121 session -> sess_2etIiK5PrKhhulBVQhLBkTbQt23 status_code -> 200 ***

2024-04-13 20:17:48 ***update_token identity -> xxgg121 session -> sess_2etIiK5PrKhhulBVQhLBkTbQt23 status_code -> 200 ***

2024-04-13 20:18:39 ***update_token identity -> xxgg121 session -> sess_2etIiK5PrKhhulBVQhLBkTbQt23 status_code -> 200 ***

2024-04-13 20:19:30 ***update_token identity -> xxgg121 session -> sess_2etIiK5PrKhhulBVQhLBkTbQt23 status_code -> 200 ***

2024-04-13 20:20:22 ***update_token identity -> xxgg121 session -> sess_2etIiK5PrKhhulBVQhLBkTbQt23 status_code -> 200 ***

2024-04-13 20:21:13 ***update_token identity -> xxgg121 session -> sess_2etIiK5PrKhhulBVQhLBkTbQt23 status_code -> 200 ***

2024-04-13 20:22:04 ***update_token identity -> xxgg121 session -> sess_2etIiK5PrKhhulBVQhLBkTbQt23 status_code -> 200 ***

2024-04-13 20:22:56 ***update_token identity -> xxgg121 session -> sess_2etIiK5PrKhhulBVQhLBkTbQt23 status_code -> 200 ***

2024-04-13 20:23:47 ***update_token identity -> xxgg121 session -> sess_2etIiK5PrKhhulBVQhLBkTbQt23 status_code -> 200 ***

2024-04-13 20:24:38 ***update_token identity -> xxgg121 session -> sess_2etIiK5PrKhhulBVQhLBkTbQt23 status_code -> 200 ***

2024-04-13 20:25:29 ***update_token identity -> xxgg121 session -> sess_2etIiK5PrKhhulBVQhLBkTbQt23 status_code -> 200 ***

2024-04-13 20:26:20 ***update_token identity -> xxgg121 session -> sess_2etIiK5PrKhhulBVQhLBkTbQt23 status_code -> 200 ***

2024-04-13 20:27:11 ***update_token identity -> xxgg121 session -> sess_2etIiK5PrKhhulBVQhLBkTbQt23 status_code -> 200 ***

2024-04-13 20:28:02 ***update_token identity -> xxgg121 session -> sess_2etIiK5PrKhhulBVQhLBkTbQt23 status_code -> 200 ***

2024-04-13 20:28:53 ***update_token identity -> xxgg121 session -> sess_2etIiK5PrKhhulBVQhLBkTbQt23 status_code -> 200 ***

2024-04-13 20:29:44 ***update_token identity -> xxgg121 session -> sess_2etIiK5PrKhhulBVQhLBkTbQt23 status_code -> 200 ***

2024-04-13 20:30:36 ***update_token identity -> xxgg121 session -> sess_2etIiK5PrKhhulBVQhLBkTbQt23 status_code -> 200 ***

2024-04-13 20:31:27 ***update_token identity -> xxgg121 session -> sess_2etIiK5PrKhhulBVQhLBkTbQt23 status_code -> 200 ***

2024-04-13 20:32:18 ***update_token identity -> xxgg121 session -> sess_2etIiK5PrKhhulBVQhLBkTbQt23 status_code -> 200 ***

2024-04-13 20:33:09 ***update_token identity -> xxgg121 session -> sess_2etIiK5PrKhhulBVQhLBkTbQt23 status_code -> 200 ***

2024-04-13 20:34:02 ***update_token identity -> xxgg121 session -> sess_2etIiK5PrKhhulBVQhLBkTbQt23 status_code -> 200 ***

2024-04-13 20:34:53 ***update_token identity -> xxgg121 session -> sess_2etIiK5PrKhhulBVQhLBkTbQt23 status_code -> 200 ***

2024-04-13 20:35:44 ***update_token identity -> xxgg121 session -> sess_2etIiK5PrKhhulBVQhLBkTbQt23 status_code -> 200 ***

2024-04-13 20:36:35 ***update_token identity -> xxgg121 session -> sess_2etIiK5PrKhhulBVQhLBkTbQt23 status_code -> 200 ***

2024-04-13 20:37:27 ***update_token identity -> xxgg121 session -> sess_2etIiK5PrKhhulBVQhLBkTbQt23 status_code -> 200 ***

2024-04-13 20:38:18 ***update_token identity -> xxgg121 session -> sess_2etIiK5PrKhhulBVQhLBkTbQt23 status_code -> 200 ***

2024-04-13 20:39:09 ***update_token identity -> xxgg121 session -> sess_2etIiK5PrKhhulBVQhLBkTbQt23 status_code -> 200 ***

2024-04-13 20:40:00 ***update_token identity -> xxgg121 session -> sess_2etIiK5PrKhhulBVQhLBkTbQt23 status_code -> 200 ***

2024-04-13 20:40:51 ***update_token identity -> xxgg121 session -> sess_2etIiK5PrKhhulBVQhLBkTbQt23 status_code -> 200 ***

2024-04-13 20:41:42 ***update_token identity -> xxgg121 session -> sess_2etIiK5PrKhhulBVQhLBkTbQt23 status_code -> 200 ***

2024-04-13 20:42:34 ***update_token identity -> xxgg121 session -> sess_2etIiK5PrKhhulBVQhLBkTbQt23 status_code -> 200 ***

2024-04-13 20:43:26 ***update_token identity -> xxgg121 session -> sess_2etIiK5PrKhhulBVQhLBkTbQt23 status_code -> 200 ***

2024-04-13 20:44:17 ***update_token identity -> xxgg121 session -> sess_2etIiK5PrKhhulBVQhLBkTbQt23 status_code -> 200 ***

2024-04-13 20:45:08 ***update_token identity -> xxgg121 session -> sess_2etIiK5PrKhhulBVQhLBkTbQt23 status_code -> 200 ***

2024-04-13 20:46:00 ***update_token identity -> xxgg121 session -> sess_2etIiK5PrKhhulBVQhLBkTbQt23 status_code -> 200 ***

2024-04-13 20:46:51 ***update_token identity -> xxgg121 session -> sess_2etIiK5PrKhhulBVQhLBkTbQt23 status_code -> 200 ***

2024-04-13 20:47:42 ***update_token identity -> xxgg121 session -> sess_2etIiK5PrKhhulBVQhLBkTbQt23 status_code -> 200 ***

